<?xml version="1.0" encoding="UTF-8"?>
<!-- Generated by org.testng.reporters.JUnitXMLReporter -->
<testsuite hostname="ni-03150-3" ignored="0" name="search-test-qa" tests="1" failures="0" timestamp="20 jul 2020 18:36:05 GMT" time="0.003" errors="0">
  <testcase name="@BeforeTest setupDriver" time="0.001" classname="com.tests.BaseTest">
    <failure type="java.net.MalformedURLException" message="no protocol: http//localhost:4444/wd/hub">
      <![CDATA[java.net.MalformedURLException: no protocol: http//localhost:4444/wd/hub
at java.net.URL.<init>(Unknown Source)
at java.net.URL.<init>(Unknown Source)
at java.net.URL.<init>(Unknown Source)
at com.tests.BaseTest.setupDriver(BaseTest.java:42)
... Removed 23 stack frames]]>
    </failure>
  </testcase> <!-- @BeforeTest setupDriver -->
  <testcase name="@AfterTest quitBrowser" time="0.0" classname="com.tests.BaseTest">
    <skipped/>
  </testcase> <!-- @AfterTest quitBrowser -->
  <testcase name="search" time="0.0" classname="com.searchmodule.tests.SearchTests">
    <skipped/>
  </testcase> <!-- search -->
</testsuite> <!-- search-test-qa -->
